2025-03-24 22:41:32 [INFO] - Инициализация My_Classifier_Model
2025-03-24 22:41:32 [INFO] - Модель загружена из model/catboost_model.cbm
2025-03-24 22:41:32 [INFO] - OneHotEncoder загружен.
2025-03-24 22:41:32 [INFO] - Лучшие параметры загружены.
2025-03-24 22:41:32 [INFO] - Запуск обучения. Датасет: data/train.csv
2025-03-24 22:41:32 [ERROR] - Ошибка при обучении: [Errno 2] No such file or directory: 'data/train.csv'
Traceback (most recent call last):
  File "/Users/kerrigan/Documents/GitHub/Hits-ml-module1/model.py", line 139, in train
    self.df = pd.read_csv(dataset_path)
              ^^^^^^^^^^^^^^^^^^^^^^^^^
  File "/Users/kerrigan/Library/Caches/pypoetry/virtualenvs/hits-ml-module1-NpT8ZdH7-py3.12/lib/python3.12/site-packages/pandas/io/parsers/readers.py", line 1026, in read_csv
    return _read(filepath_or_buffer, kwds)
           ^^^^^^^^^^^^^^^^^^^^^^^^^^^^^^^
  File "/Users/kerrigan/Library/Caches/pypoetry/virtualenvs/hits-ml-module1-NpT8ZdH7-py3.12/lib/python3.12/site-packages/pandas/io/parsers/readers.py", line 620, in _read
    parser = TextFileReader(filepath_or_buffer, **kwds)
             ^^^^^^^^^^^^^^^^^^^^^^^^^^^^^^^^^^^^^^^^^^
  File "/Users/kerrigan/Library/Caches/pypoetry/virtualenvs/hits-ml-module1-NpT8ZdH7-py3.12/lib/python3.12/site-packages/pandas/io/parsers/readers.py", line 1620, in __init__
    self._engine = self._make_engine(f, self.engine)
                   ^^^^^^^^^^^^^^^^^^^^^^^^^^^^^^^^^
  File "/Users/kerrigan/Library/Caches/pypoetry/virtualenvs/hits-ml-module1-NpT8ZdH7-py3.12/lib/python3.12/site-packages/pandas/io/parsers/readers.py", line 1880, in _make_engine
    self.handles = get_handle(
                   ^^^^^^^^^^^
  File "/Users/kerrigan/Library/Caches/pypoetry/virtualenvs/hits-ml-module1-NpT8ZdH7-py3.12/lib/python3.12/site-packages/pandas/io/common.py", line 873, in get_handle
    handle = open(
             ^^^^^
FileNotFoundError: [Errno 2] No such file or directory: 'data/train.csv'
2025-03-24 22:46:15 [INFO] - Инициализация My_Classifier_Model
2025-03-24 22:46:15 [INFO] - Модель загружена из model/catboost_model.cbm
2025-03-24 22:46:15 [INFO] - OneHotEncoder загружен.
2025-03-24 22:46:15 [INFO] - Лучшие параметры загружены.
2025-03-24 22:46:15 [INFO] - Запуск обучения. Датасет: data/train.csv
2025-03-24 22:46:15 [INFO] - Начало предобработки данных
2025-03-24 22:46:15 [INFO] - Предобработка завершена <3
2025-03-24 22:46:22 [INFO] - Начало предобработки данных
2025-03-24 22:46:22 [INFO] - Предобработка завершена <3
2025-03-24 22:46:25 [INFO] - Начало предобработки данных
2025-03-24 22:46:25 [INFO] - Предобработка завершена <3
2025-03-24 22:46:30 [INFO] - Начало предобработки данных
2025-03-24 22:46:30 [INFO] - Предобработка завершена <3
2025-03-24 22:46:31 [INFO] - Начало предобработки данных
2025-03-24 22:46:31 [INFO] - Предобработка завершена <3
2025-03-24 22:46:31 [INFO] - Начало предобработки данных
2025-03-24 22:46:31 [INFO] - Предобработка завершена <3
2025-03-24 22:46:34 [INFO] - Начало предобработки данных
2025-03-24 22:46:34 [INFO] - Предобработка завершена <3
2025-03-24 22:46:36 [INFO] - Начало предобработки данных
2025-03-24 22:46:36 [INFO] - Предобработка завершена <3
2025-03-24 22:46:38 [INFO] - Начало предобработки данных
2025-03-24 22:46:38 [INFO] - Предобработка завершена <3
2025-03-24 22:46:39 [INFO] - Начало предобработки данных
2025-03-24 22:46:39 [INFO] - Предобработка завершена <3
2025-03-24 22:46:40 [INFO] - Начало предобработки данных
2025-03-24 22:46:40 [INFO] - Предобработка завершена <3
2025-03-24 22:46:45 [INFO] - Начало предобработки данных
2025-03-24 22:46:45 [INFO] - Предобработка завершена <3
2025-03-24 22:47:09 [INFO] - Начало предобработки данных
2025-03-24 22:47:09 [INFO] - Предобработка завершена <3
2025-03-24 22:47:11 [INFO] - Начало предобработки данных
2025-03-24 22:47:11 [INFO] - Предобработка завершена <3
2025-03-24 22:47:19 [INFO] - Начало предобработки данных
2025-03-24 22:47:19 [INFO] - Предобработка завершена <3
2025-03-24 22:47:26 [INFO] - Начало предобработки данных
2025-03-24 22:47:26 [INFO] - Предобработка завершена <3
2025-03-24 22:47:31 [INFO] - Начало предобработки данных
2025-03-24 22:47:31 [INFO] - Предобработка завершена <3
2025-03-24 22:47:32 [INFO] - Начало предобработки данных
2025-03-24 22:47:32 [INFO] - Предобработка завершена <3
2025-03-24 22:47:34 [INFO] - Начало предобработки данных
2025-03-24 22:47:34 [INFO] - Предобработка завершена <3
2025-03-24 22:47:35 [INFO] - Начало предобработки данных
2025-03-24 22:47:35 [INFO] - Предобработка завершена <3
2025-03-24 22:47:39 [INFO] - Лучшие параметры: {'iterations': 1700, 'learning_rate': 0.0305749780874456, 'l2_leaf_reg': 7.977941398796486, 'bagging_temperature': 6.086633048993404, 'random_strength': 0.5570252181862403, 'one_hot_max_size': 12, 'leaf_estimation_method': 'Gradient', 'depth': 6, 'border_count': 164}
2025-03-24 22:47:39 [INFO] - Начало предобработки данных
2025-03-24 22:47:39 [INFO] - Предобработка завершена <3
2025-03-24 22:47:41 [INFO] - Модель обучена и сохранена в model/catboost_model.cbm
2025-03-24 22:50:57 [INFO] - Инициализация My_Classifier_Model
2025-03-24 22:50:57 [INFO] - Модель загружена из model/catboost_model.cbm
2025-03-24 22:50:57 [INFO] - OneHotEncoder загружен.
2025-03-24 22:50:57 [INFO] - Лучшие параметры загружены.
2025-03-24 22:50:57 [INFO] - Запуск предсказания. Данные: data/test.csv
2025-03-24 22:50:57 [INFO] - Начало предобработки данных
2025-03-24 22:50:57 [INFO] - Предобработка завершена <3
2025-03-24 22:50:57 [INFO] - Предсказания сохранены в 'data/results.csv'
2025-03-25 02:03:07 [INFO] - Инициализация My_Classifier_Model
2025-03-25 02:03:20 [INFO] - Модель загружена из model/catboost_model.cbm
2025-03-25 02:03:20 [INFO] - OneHotEncoder загружен.
2025-03-25 02:03:20 [INFO] - Лучшие параметры загружены.
2025-03-25 02:03:20 [INFO] - Запуск предсказания. Данные: data/test.csv
2025-03-25 02:03:20 [INFO] - Начало предобработки данных
2025-03-25 02:03:20 [INFO] - Предобработка завершена <3
2025-03-25 02:03:20 [INFO] - Предсказания сохранены в 'data/results.csv'
2025-03-25 18:00:06 [INFO] - Инициализация My_Classifier_Model
2025-03-25 18:00:17 [INFO] - Модель загружена из model/catboost_model.cbm
2025-03-25 18:00:17 [INFO] - OneHotEncoder загружен.
2025-03-25 18:00:17 [INFO] - Лучшие параметры загружены.
2025-03-25 18:00:17 [INFO] - Запуск обучения. Датасет: data/train.csv
2025-03-25 18:00:17 [INFO] - Начало предобработки данных
2025-03-25 18:00:17 [INFO] - Предобработка завершена <3
2025-03-25 18:00:28 [INFO] - Начало предобработки данных
2025-03-25 18:00:28 [INFO] - Предобработка завершена <3
2025-03-25 18:00:46 [INFO] - Начало предобработки данных
2025-03-25 18:00:46 [INFO] - Предобработка завершена <3
2025-03-25 18:00:56 [INFO] - Начало предобработки данных
2025-03-25 18:00:56 [INFO] - Предобработка завершена <3
2025-03-25 18:01:02 [INFO] - Начало предобработки данных
2025-03-25 18:01:02 [INFO] - Предобработка завершена <3
2025-03-25 18:01:06 [INFO] - Начало предобработки данных
2025-03-25 18:01:06 [INFO] - Предобработка завершена <3
2025-03-25 18:01:13 [INFO] - Начало предобработки данных
2025-03-25 18:01:13 [INFO] - Предобработка завершена <3
2025-03-25 18:01:19 [INFO] - Начало предобработки данных
2025-03-25 18:01:19 [INFO] - Предобработка завершена <3
2025-03-25 18:01:27 [INFO] - Начало предобработки данных
2025-03-25 18:01:27 [INFO] - Предобработка завершена <3
2025-03-25 18:01:31 [INFO] - Начало предобработки данных
2025-03-25 18:01:31 [INFO] - Предобработка завершена <3
2025-03-25 18:01:48 [INFO] - Лучшие параметры: {'iterations': 1800, 'learning_rate': 0.28249436927460264, 'l2_leaf_reg': 8.438105919259296, 'bagging_temperature': 5.48726945715907, 'random_strength': 10.830743824470812, 'one_hot_max_size': 18, 'leaf_estimation_method': 'Newton', 'depth': 8, 'border_count': 157}
2025-03-25 18:01:48 [INFO] - Начало предобработки данных
2025-03-25 18:01:48 [INFO] - Предобработка завершена <3
2025-03-25 18:02:29 [INFO] - Модель обучена и сохранена в model/catboost_model.cbm
2025-03-25 18:13:24 [INFO] - Инициализация My_Classifier_Model
2025-03-25 18:13:35 [INFO] - Модель загружена из model/catboost_model.cbm
2025-03-25 18:13:35 [INFO] - OneHotEncoder загружен.
2025-03-25 18:13:35 [INFO] - Лучшие параметры загружены.
2025-03-25 18:13:35 [INFO] - Запуск предсказания. Данные: data/test.csv
2025-03-25 18:13:35 [INFO] - Начало предобработки данных
2025-03-25 18:13:35 [INFO] - Предобработка завершена <3
2025-03-25 18:13:35 [INFO] - Предсказания сохранены в 'data/results.csv'
2025-03-25 19:48:12 [INFO] - Инициализация My_Classifier_Model
2025-03-25 19:48:24 [INFO] - Модель загружена из model/catboost_model.cbm
2025-03-25 19:48:24 [INFO] - OneHotEncoder загружен.
2025-03-25 19:48:24 [INFO] - Лучшие параметры загружены.
2025-03-25 19:48:24 [INFO] - Запуск обучения. Датасет: data/train.csv
2025-03-25 19:48:24 [INFO] - Начало предобработки данных
2025-03-25 19:48:24 [INFO] - Предобработка завершена <3
2025-03-25 19:48:30 [INFO] - Начало предобработки данных
2025-03-25 19:48:30 [INFO] - Предобработка завершена <3
2025-03-25 19:48:43 [INFO] - Начало предобработки данных
2025-03-25 19:48:43 [INFO] - Предобработка завершена <3
2025-03-25 19:48:47 [INFO] - Начало предобработки данных
2025-03-25 19:48:47 [INFO] - Предобработка завершена <3
2025-03-25 19:48:55 [INFO] - Начало предобработки данных
2025-03-25 19:48:55 [INFO] - Предобработка завершена <3
2025-03-25 19:49:00 [INFO] - Начало предобработки данных
2025-03-25 19:49:00 [INFO] - Предобработка завершена <3
2025-03-25 19:49:06 [INFO] - Начало предобработки данных
2025-03-25 19:49:06 [INFO] - Предобработка завершена <3
2025-03-25 19:49:15 [INFO] - Начало предобработки данных
2025-03-25 19:49:15 [INFO] - Предобработка завершена <3
2025-03-25 19:49:18 [INFO] - Начало предобработки данных
2025-03-25 19:49:18 [INFO] - Предобработка завершена <3
2025-03-25 19:49:22 [INFO] - Начало предобработки данных
2025-03-25 19:49:22 [INFO] - Предобработка завершена <3
2025-03-25 19:49:28 [INFO] - Лучшие параметры: {'iterations': 2800, 'learning_rate': 0.027802739685328377, 'l2_leaf_reg': 3.9941926669834245, 'bagging_temperature': 7.748399061412456, 'random_strength': 7.584279636917639, 'one_hot_max_size': 6, 'leaf_estimation_method': 'Newton', 'depth': 5, 'border_count': 135}
2025-03-25 19:49:28 [INFO] - Начало предобработки данных
2025-03-25 19:49:28 [INFO] - Предобработка завершена <3
2025-03-25 19:50:10 [INFO] - Модель обучена и сохранена в model/catboost_model.cbm
2025-03-25 19:51:42 [INFO] - train.csv успешно загружен в ClearML.
2025-03-25 19:53:11 [INFO] - test.csv успешно загружен в ClearML.
2025-03-25 19:55:23 [INFO] - Инициализация My_Classifier_Model
2025-03-25 19:55:35 [INFO] - Модель загружена из model/catboost_model.cbm
2025-03-25 19:55:35 [INFO] - OneHotEncoder загружен.
2025-03-25 19:55:35 [INFO] - Лучшие параметры загружены.
2025-03-25 19:55:35 [INFO] - Запуск предсказания. Данные: data/test.csv
2025-03-25 19:55:35 [INFO] - Начало предобработки данных
2025-03-25 19:55:35 [INFO] - Предобработка завершена <3
2025-03-25 19:55:35 [INFO] - Предсказания сохранены в 'data/results.csv'
2025-03-25 20:20:30 [INFO] - Инициализация My_Classifier_Model
2025-03-25 20:20:42 [INFO] - Модель загружена из model/catboost_model.cbm
2025-03-25 20:20:42 [INFO] - OneHotEncoder загружен.
2025-03-25 20:20:42 [INFO] - Лучшие параметры загружены.
2025-03-25 20:20:42 [INFO] - Запуск обучения. Датасет: data/train.csv
2025-03-25 20:20:42 [INFO] - Начало предобработки данных
2025-03-25 20:20:42 [INFO] - Предобработка завершена <3
2025-03-25 20:20:53 [INFO] - Начало предобработки данных
2025-03-25 20:20:53 [INFO] - Предобработка завершена <3
2025-03-25 20:21:00 [INFO] - Начало предобработки данных
2025-03-25 20:21:00 [INFO] - Предобработка завершена <3
2025-03-25 20:21:06 [INFO] - Начало предобработки данных
2025-03-25 20:21:06 [INFO] - Предобработка завершена <3
2025-03-25 20:21:15 [INFO] - Начало предобработки данных
2025-03-25 20:21:15 [INFO] - Предобработка завершена <3
2025-03-25 20:21:20 [INFO] - Начало предобработки данных
2025-03-25 20:21:20 [INFO] - Предобработка завершена <3
2025-03-25 20:21:25 [INFO] - Начало предобработки данных
2025-03-25 20:21:25 [INFO] - Предобработка завершена <3
2025-03-25 20:21:29 [INFO] - Начало предобработки данных
2025-03-25 20:21:29 [INFO] - Предобработка завершена <3
2025-03-25 20:21:42 [INFO] - Начало предобработки данных
2025-03-25 20:21:42 [INFO] - Предобработка завершена <3
2025-03-25 20:27:31 [INFO] - Инициализация My_Classifier_Model
2025-03-25 20:27:42 [INFO] - Модель загружена из model/catboost_model.cbm
2025-03-25 20:27:42 [INFO] - OneHotEncoder загружен.
2025-03-25 20:27:42 [INFO] - Лучшие параметры загружены.
2025-03-25 20:27:42 [INFO] - Запуск обучения. Датасет: data/train.csv
2025-03-25 20:27:42 [INFO] - Начало предобработки данных
2025-03-25 20:27:42 [INFO] - Предобработка завершена <3
2025-03-25 20:27:46 [INFO] - Начало предобработки данных
2025-03-25 20:27:46 [INFO] - Предобработка завершена <3
2025-03-25 20:27:49 [INFO] - Начало предобработки данных
2025-03-25 20:27:49 [INFO] - Предобработка завершена <3
2025-03-25 20:28:00 [INFO] - Начало предобработки данных
2025-03-25 20:28:00 [INFO] - Предобработка завершена <3
2025-03-25 20:28:08 [INFO] - Начало предобработки данных
2025-03-25 20:28:08 [INFO] - Предобработка завершена <3
2025-03-25 20:28:13 [INFO] - Начало предобработки данных
2025-03-25 20:28:13 [INFO] - Предобработка завершена <3
2025-03-25 20:28:17 [INFO] - Начало предобработки данных
2025-03-25 20:28:17 [INFO] - Предобработка завершена <3
2025-03-25 20:28:28 [INFO] - Начало предобработки данных
2025-03-25 20:28:28 [INFO] - Предобработка завершена <3
2025-03-25 20:28:36 [INFO] - Начало предобработки данных
2025-03-25 20:28:36 [INFO] - Предобработка завершена <3
2025-03-25 20:28:41 [INFO] - Начало предобработки данных
2025-03-25 20:28:41 [INFO] - Предобработка завершена <3
2025-03-25 20:31:47 [INFO] - Инициализация My_Classifier_Model
2025-03-25 20:31:59 [INFO] - Модель загружена из model/catboost_model.cbm
2025-03-25 20:31:59 [INFO] - OneHotEncoder загружен.
2025-03-25 20:31:59 [INFO] - Лучшие параметры загружены.
2025-03-25 20:31:59 [INFO] - Запуск обучения. Датасет: data/train.csv
2025-03-25 20:31:59 [INFO] - Начало предобработки данных
2025-03-25 20:31:59 [INFO] - Предобработка завершена <3
2025-03-25 20:32:06 [INFO] - Начало предобработки данных
2025-03-25 20:32:06 [INFO] - Предобработка завершена <3
2025-03-25 20:32:11 [INFO] - Начало предобработки данных
2025-03-25 20:32:11 [INFO] - Предобработка завершена <3
2025-03-25 20:32:15 [INFO] - Начало предобработки данных
2025-03-25 20:32:15 [INFO] - Предобработка завершена <3
2025-03-25 20:32:19 [INFO] - Начало предобработки данных
2025-03-25 20:32:19 [INFO] - Предобработка завершена <3
2025-03-25 20:32:25 [INFO] - Начало предобработки данных
2025-03-25 20:32:25 [INFO] - Предобработка завершена <3
2025-03-25 20:32:31 [INFO] - Начало предобработки данных
2025-03-25 20:32:31 [INFO] - Предобработка завершена <3
2025-03-25 20:32:35 [INFO] - Начало предобработки данных
2025-03-25 20:32:35 [INFO] - Предобработка завершена <3
2025-03-25 20:32:44 [INFO] - Начало предобработки данных
2025-03-25 20:32:44 [INFO] - Предобработка завершена <3
2025-03-25 20:33:01 [INFO] - Начало предобработки данных
2025-03-25 20:33:01 [INFO] - Предобработка завершена <3
2025-03-25 20:33:10 [INFO] - Лучшие параметры: {'iterations': 1300, 'learning_rate': 0.018042441210215032, 'l2_leaf_reg': 12.343259844995607, 'bagging_temperature': 5.674613883665144, 'random_strength': 7.949795817294785, 'one_hot_max_size': 13, 'leaf_estimation_method': 'Newton', 'depth': 6, 'border_count': 190}
2025-03-25 20:33:10 [INFO] - Начало предобработки данных
2025-03-25 20:33:10 [INFO] - Предобработка завершена <3
2025-03-25 20:33:53 [INFO] - Модель обучена и сохранена в model/catboost_model.cbm
2025-03-25 20:35:20 [INFO] - train.csv успешно загружен в ClearML.
2025-03-25 20:36:46 [INFO] - test.csv успешно загружен в ClearML.
2025-03-25 20:41:24 [INFO] - Инициализация My_Classifier_Model
2025-03-25 20:41:35 [INFO] - Модель загружена из model/catboost_model.cbm
2025-03-25 20:41:35 [INFO] - OneHotEncoder загружен.
2025-03-25 20:41:35 [INFO] - Лучшие параметры загружены.
2025-03-25 20:41:35 [INFO] - Запуск предсказания. Данные: data/test.csv
2025-03-25 20:41:35 [INFO] - Начало предобработки данных
2025-03-25 20:41:35 [INFO] - Предобработка завершена <3
2025-03-25 20:41:35 [INFO] - Предсказания сохранены в 'data/results.csv'
2025-03-25 21:04:00 [INFO] - Инициализация My_Classifier_Model
2025-03-25 21:04:12 [INFO] - Модель загружена из model/catboost_model.cbm
2025-03-25 21:04:12 [INFO] - OneHotEncoder загружен.
2025-03-25 21:04:12 [INFO] - Лучшие параметры загружены.
2025-03-25 21:04:12 [INFO] - Запуск обучения. Датасет: data/train.csv
2025-03-25 21:04:12 [INFO] - Начало предобработки данных
2025-03-25 21:04:12 [INFO] - Предобработка завершена <3
2025-03-25 21:04:23 [INFO] - Начало предобработки данных
2025-03-25 21:04:23 [INFO] - Предобработка завершена <3
2025-03-25 21:04:35 [INFO] - Начало предобработки данных
2025-03-25 21:04:35 [INFO] - Предобработка завершена <3
2025-03-25 21:04:45 [INFO] - Начало предобработки данных
2025-03-25 21:04:45 [INFO] - Предобработка завершена <3
2025-03-25 21:05:14 [INFO] - Начало предобработки данных
2025-03-25 21:05:14 [INFO] - Предобработка завершена <3
2025-03-25 21:05:35 [INFO] - Начало предобработки данных
2025-03-25 21:05:35 [INFO] - Предобработка завершена <3
2025-03-25 21:05:51 [INFO] - Начало предобработки данных
2025-03-25 21:05:51 [INFO] - Предобработка завершена <3
2025-03-25 21:06:02 [INFO] - Начало предобработки данных
2025-03-25 21:06:02 [INFO] - Предобработка завершена <3
2025-03-25 21:06:13 [INFO] - Начало предобработки данных
2025-03-25 21:06:13 [INFO] - Предобработка завершена <3
2025-03-25 21:06:27 [INFO] - Начало предобработки данных
2025-03-25 21:06:27 [INFO] - Предобработка завершена <3
2025-03-25 21:06:38 [INFO] - Лучшие параметры: {'iterations': 2300, 'learning_rate': 0.027741115815830258, 'l2_leaf_reg': 4.347848446640276, 'bagging_temperature': 1.4707280672954248, 'random_strength': 3.6670799040704334, 'one_hot_max_size': 16, 'leaf_estimation_method': 'Gradient', 'depth': 4, 'border_count': 89}
2025-03-25 21:06:38 [INFO] - Начало предобработки данных
2025-03-25 21:06:38 [INFO] - Предобработка завершена <3
2025-03-25 21:07:35 [INFO] - Модель обучена и сохранена в model/catboost_model.cbm
2025-03-25 21:09:05 [INFO] - train.csv успешно загружен в ClearML.
2025-03-25 21:10:34 [INFO] - test.csv успешно загружен в ClearML.
2025-03-25 21:34:45 [INFO] - Инициализация My_Classifier_Model
2025-03-25 21:34:45 [INFO] - Модель загружена из model/catboost_model.cbm
2025-03-25 21:34:45 [INFO] - OneHotEncoder загружен.
2025-03-25 21:34:45 [INFO] - Лучшие параметры загружены.
2025-03-25 21:34:45 [INFO] - Запуск обучения. Датасет: data/train.csv
2025-03-25 21:34:45 [INFO] - Начало предобработки данных
2025-03-25 21:34:45 [INFO] - Предобработка завершена <3
2025-03-25 21:34:50 [INFO] - Начало предобработки данных
2025-03-25 21:34:50 [INFO] - Предобработка завершена <3
2025-03-25 21:34:51 [INFO] - Начало предобработки данных
2025-03-25 21:34:51 [INFO] - Предобработка завершена <3
2025-03-25 21:35:09 [INFO] - Начало предобработки данных
2025-03-25 21:35:09 [INFO] - Предобработка завершена <3
2025-03-25 21:35:14 [INFO] - Начало предобработки данных
2025-03-25 21:35:14 [INFO] - Предобработка завершена <3
2025-03-25 21:35:20 [INFO] - Начало предобработки данных
2025-03-25 21:35:20 [INFO] - Предобработка завершена <3
2025-03-25 21:35:46 [INFO] - Начало предобработки данных
2025-03-25 21:35:46 [INFO] - Предобработка завершена <3
2025-03-25 21:35:50 [INFO] - Начало предобработки данных
2025-03-25 21:35:50 [INFO] - Предобработка завершена <3
2025-03-25 21:35:53 [INFO] - Начало предобработки данных
2025-03-25 21:35:53 [INFO] - Предобработка завершена <3
2025-03-25 21:36:22 [INFO] - Начало предобработки данных
2025-03-25 21:36:22 [INFO] - Предобработка завершена <3
2025-03-25 21:36:24 [INFO] - Лучшие параметры: {'iterations': 2300, 'learning_rate': 0.026178185604101775, 'l2_leaf_reg': 7.9011317561827195, 'bagging_temperature': 5.008913486911645, 'random_strength': 5.744185582347252, 'one_hot_max_size': 3, 'leaf_estimation_method': 'Gradient', 'depth': 7, 'border_count': 67}
2025-03-25 21:36:24 [INFO] - Начало предобработки данных
2025-03-25 21:36:24 [INFO] - Предобработка завершена <3
2025-03-25 21:36:30 [INFO] - Модель обучена и сохранена в model/catboost_model.cbm
2025-03-25 21:36:55 [INFO] - Инициализация My_Classifier_Model
2025-03-25 21:36:55 [INFO] - Модель загружена из model/catboost_model.cbm
2025-03-25 21:36:55 [INFO] - OneHotEncoder загружен.
2025-03-25 21:36:55 [INFO] - Лучшие параметры загружены.
2025-03-25 21:36:55 [INFO] - Запуск предсказания. Данные: data/test.csv
2025-03-25 21:36:55 [INFO] - Начало предобработки данных
2025-03-25 21:36:55 [INFO] - Предобработка завершена <3
2025-03-25 21:36:55 [INFO] - Предсказания сохранены в 'data/results.csv'
